[  0%] Built target std_msgs_generate_messages_eus
[  0%] Built target sensor_msgs_generate_messages_lisp
[  0%] Built target sensor_msgs_generate_messages_cpp
[  0%] Built target geometry_msgs_generate_messages_py
[  0%] Built target sensor_msgs_generate_messages_py
[  0%] Built target sensor_msgs_generate_messages_eus
[  0%] Built target std_msgs_generate_messages_nodejs
[  0%] Built target sensor_msgs_generate_messages_nodejs
[  0%] Built target geometry_msgs_generate_messages_cpp
[  0%] Built target std_msgs_generate_messages_cpp
[  0%] Built target geometry_msgs_generate_messages_eus
[  0%] Built target std_msgs_generate_messages_py
[  0%] Built target std_msgs_generate_messages_lisp
[  0%] Built target geometry_msgs_generate_messages_lisp
[  0%] Built target geometry_msgs_generate_messages_nodejs
[35m[1mConsolidate compiler generated dependencies of target cv_bridge[0m
[ 50%] Built target cv_bridge
[35m[1mConsolidate compiler generated dependencies of target cv_bridge_boost[0m
[100%] Built target cv_bridge_boost
[36mInstall the project...[0m
-- Install configuration: "Release"
-- Installing: /home/wanghao/Desktop/projects/cv_bridge/install/_setup_util.py
-- Up-to-date: /home/wanghao/Desktop/projects/cv_bridge/install/env.sh
-- Up-to-date: /home/wanghao/Desktop/projects/cv_bridge/install/setup.bash
-- Up-to-date: /home/wanghao/Desktop/projects/cv_bridge/install/local_setup.bash
-- Up-to-date: /home/wanghao/Desktop/projects/cv_bridge/install/setup.sh
-- Up-to-date: /home/wanghao/Desktop/projects/cv_bridge/install/local_setup.sh
-- Up-to-date: /home/wanghao/Desktop/projects/cv_bridge/install/setup.zsh
-- Up-to-date: /home/wanghao/Desktop/projects/cv_bridge/install/local_setup.zsh
-- Up-to-date: /home/wanghao/Desktop/projects/cv_bridge/install/.rosinstall
-- Installing: /home/wanghao/Desktop/projects/cv_bridge/install/lib/pkgconfig/cv_bridge.pc
-- Up-to-date: /home/wanghao/Desktop/projects/cv_bridge/install/share/cv_bridge/cmake/cv_bridge-extras.cmake
-- Up-to-date: /home/wanghao/Desktop/projects/cv_bridge/install/share/cv_bridge/cmake/cv_bridgeConfig.cmake
-- Up-to-date: /home/wanghao/Desktop/projects/cv_bridge/install/share/cv_bridge/cmake/cv_bridgeConfig-version.cmake
-- Up-to-date: /home/wanghao/Desktop/projects/cv_bridge/install/share/cv_bridge/package.xml
+ cd /home/wanghao/Desktop/projects/cv_bridge/src/vision_opencv/cv_bridge
+ mkdir -p /home/wanghao/Desktop/projects/cv_bridge/install/lib/python3/dist-packages
+ /usr/bin/env PYTHONPATH=/home/wanghao/Desktop/projects/cv_bridge/install/lib/python3/dist-packages:/home/wanghao/Desktop/projects/cv_bridge/build/cv_bridge/lib/python3/dist-packages:/home/wanghao/Desktop/projects/cv_bridge/install/lib/python3/dist-packages:/opt/ros/melodic/lib/python2.7/dist-packages::/home/wanghao/Desktop/projects/dcn_v2 CATKIN_BINARY_DIR=/home/wanghao/Desktop/projects/cv_bridge/build/cv_bridge /usr/bin/python3 /home/wanghao/Desktop/projects/cv_bridge/src/vision_opencv/cv_bridge/setup.py build --build-base /home/wanghao/Desktop/projects/cv_bridge/build/cv_bridge install --root=/ --install-layout=deb --prefix=/home/wanghao/Desktop/projects/cv_bridge/install --install-scripts=/home/wanghao/Desktop/projects/cv_bridge/install/bin
running build
running build_py
creating /home/wanghao/Desktop/projects/cv_bridge/build/cv_bridge/lib
creating /home/wanghao/Desktop/projects/cv_bridge/build/cv_bridge/lib/cv_bridge
copying python/cv_bridge/core.py -> /home/wanghao/Desktop/projects/cv_bridge/build/cv_bridge/lib/cv_bridge
copying python/cv_bridge/__init__.py -> /home/wanghao/Desktop/projects/cv_bridge/build/cv_bridge/lib/cv_bridge
running install
running install_lib
creating /home/wanghao/Desktop/projects/cv_bridge/install/lib/python3/dist-packages/cv_bridge
copying /home/wanghao/Desktop/projects/cv_bridge/build/cv_bridge/lib/cv_bridge/core.py -> /home/wanghao/Desktop/projects/cv_bridge/install/lib/python3/dist-packages/cv_bridge
copying /home/wanghao/Desktop/projects/cv_bridge/build/cv_bridge/lib/cv_bridge/__init__.py -> /home/wanghao/Desktop/projects/cv_bridge/install/lib/python3/dist-packages/cv_bridge
byte-compiling /home/wanghao/Desktop/projects/cv_bridge/install/lib/python3/dist-packages/cv_bridge/core.py to core.cpython-36.pyc
byte-compiling /home/wanghao/Desktop/projects/cv_bridge/install/lib/python3/dist-packages/cv_bridge/__init__.py to __init__.cpython-36.pyc
running install_egg_info
Writing /home/wanghao/Desktop/projects/cv_bridge/install/lib/python3/dist-packages/cv_bridge-1.13.0.egg-info
-- Installing: /home/wanghao/Desktop/projects/cv_bridge/install/include/cv_bridge
-- Installing: /home/wanghao/Desktop/projects/cv_bridge/install/include/cv_bridge/rgb_colors.h
-- Installing: /home/wanghao/Desktop/projects/cv_bridge/install/include/cv_bridge/cv_bridge.h
-- Installing: /home/wanghao/Desktop/projects/cv_bridge/install/lib/python3/dist-packages/cv_bridge/boost/__init__.py
-- Installing: /home/wanghao/Desktop/projects/cv_bridge/install/lib/libcv_bridge.so
-- Set runtime path of "/home/wanghao/Desktop/projects/cv_bridge/install/lib/libcv_bridge.so" to ""
-- Installing: /home/wanghao/Desktop/projects/cv_bridge/install/lib/python3/dist-packages/cv_bridge/boost/cv_bridge_boost.so
-- Set runtime path of "/home/wanghao/Desktop/projects/cv_bridge/install/lib/python3/dist-packages/cv_bridge/boost/cv_bridge_boost.so" to ""
