[  0%] Built target sensor_msgs_generate_messages_eus
[  0%] Built target std_msgs_generate_messages_nodejs
[  0%] Built target sensor_msgs_generate_messages_nodejs
[  0%] Built target geometry_msgs_generate_messages_cpp
[  0%] Built target std_msgs_generate_messages_cpp
[  0%] Built target geometry_msgs_generate_messages_eus
[  0%] Built target std_msgs_generate_messages_py
[  0%] Built target std_msgs_generate_messages_lisp
[  0%] Built target geometry_msgs_generate_messages_lisp
[  0%] Built target geometry_msgs_generate_messages_nodejs
[  0%] Built target std_msgs_generate_messages_eus
[  0%] Built target sensor_msgs_generate_messages_lisp
[  0%] Built target sensor_msgs_generate_messages_cpp
[  0%] Built target geometry_msgs_generate_messages_py
[  0%] Built target sensor_msgs_generate_messages_py
[35m[1mConsolidate compiler generated dependencies of target cv_bridge[0m
[ 50%] Built target cv_bridge
[35m[1mConsolidate compiler generated dependencies of target cv_bridge_boost[0m
[100%] Built target cv_bridge_boost
[36mInstall the project...[0m
-- Install configuration: ""
-- Up-to-date: /home/wanghao/Desktop/projects/cv_bridge/install/_setup_util.py
-- Up-to-date: /home/wanghao/Desktop/projects/cv_bridge/install/env.sh
-- Up-to-date: /home/wanghao/Desktop/projects/cv_bridge/install/setup.bash
-- Up-to-date: /home/wanghao/Desktop/projects/cv_bridge/install/local_setup.bash
-- Up-to-date: /home/wanghao/Desktop/projects/cv_bridge/install/setup.sh
-- Up-to-date: /home/wanghao/Desktop/projects/cv_bridge/install/local_setup.sh
-- Up-to-date: /home/wanghao/Desktop/projects/cv_bridge/install/setup.zsh
-- Up-to-date: /home/wanghao/Desktop/projects/cv_bridge/install/local_setup.zsh
-- Up-to-date: /home/wanghao/Desktop/projects/cv_bridge/install/.rosinstall
-- Installing: /home/wanghao/Desktop/projects/cv_bridge/install/lib/pkgconfig/cv_bridge.pc
-- Installing: /home/wanghao/Desktop/projects/cv_bridge/install/share/cv_bridge/cmake/cv_bridge-extras.cmake
-- Installing: /home/wanghao/Desktop/projects/cv_bridge/install/share/cv_bridge/cmake/cv_bridgeConfig.cmake
-- Installing: /home/wanghao/Desktop/projects/cv_bridge/install/share/cv_bridge/cmake/cv_bridgeConfig-version.cmake
-- Installing: /home/wanghao/Desktop/projects/cv_bridge/install/share/cv_bridge/package.xml
+ cd /home/wanghao/Desktop/projects/cv_bridge/src/vision_opencv/cv_bridge
+ mkdir -p /home/wanghao/Desktop/projects/cv_bridge/install/lib/python3/dist-packages
+ /usr/bin/env PYTHONPATH=/home/wanghao/Desktop/projects/cv_bridge/install/lib/python3/dist-packages:/home/wanghao/Desktop/projects/cv_bridge/build/cv_bridge/lib/python3/dist-packages:/opt/ros/melodic/lib/python2.7/dist-packages::/home/wanghao/Desktop/projects/dcn_v2 CATKIN_BINARY_DIR=/home/wanghao/Desktop/projects/cv_bridge/build/cv_bridge /home/wanghao/anaconda3/bin/python /home/wanghao/Desktop/projects/cv_bridge/src/vision_opencv/cv_bridge/setup.py build --build-base /home/wanghao/Desktop/projects/cv_bridge/build/cv_bridge install --root=/ --install-layout=deb --prefix=/home/wanghao/Desktop/projects/cv_bridge/install --install-scripts=/home/wanghao/Desktop/projects/cv_bridge/install/bin
usage: setup.py [global_opts] cmd1 [cmd1_opts] [cmd2 [cmd2_opts] ...]
   or: setup.py --help [cmd1 cmd2 ...]
   or: setup.py --help-commands
   or: setup.py cmd --help

error: option --install-layout not recognized
[31mCMake Error at catkin_generated/safe_execute_install.cmake:4 (message):
  
  execute_process(/home/wanghao/Desktop/projects/cv_bridge/build/cv_bridge/catkin_generated/python_distutils_install.sh)
  returned error code
Call Stack (most recent call first):
  cmake_install.cmake:156 (include)

[0m
Makefile:94: recipe for target 'install' failed
make: *** [install] Error 1
